    1  passwd 
    2  passwd
    3  $ wget    https://s3.amazonaws.com/amazon-reviews-pds/tsv/amazon_reviews_us_Books_v1_02.tsv.gz
    4  wget
    5  wget    https://s3.amazonaws.com/amazon-reviews-pds/tsv/amazon_reviews_us_Books_v1_02.tsv.gz
    6  gunzip amazon_reviews_us_Books_v1_02.tsv.gz 
    7  sudo dnf install git-all
    8  git
    9  version
   10  sudo status
   11  git status
   12  get --version
   13  git --version
   14  ls
   15  pwd
   16  mkdir myproject
   17  cd myproject
   18  git init
   19  touch newfile.txt
   20  ls
   21  git status
   22  git add newfile.txt
   23  git status
   24  git commit -m "My first commit"
   25  git config --global user.email "vy.l.le@sjsu.edu"
   26  git config --global user.name "Vivian Le"
   27  git commit -m "My first commit"
   28  git status
   29  git log
   30  git log --decorate
   31  git log --oneline --decorate
   32  git branch testing
   33  git checkout testing
   34  git status
   35  git log
   36  git status
   37  git checkout master
   38  git log
   39  git status
   40  vim myfile2.txt
   41  git log
   42  git status
   43  git add myfile2.txt
   44  git status
   45  git commit -m "My second commit"
   46  git log
   47  git checkout testing
   48  git log
   49  git status
   50  git checkout master
   51  ls
   52  git branch testing2
   53  git status
   54  git checkout testing2
   55  ls
   56  vim myfile2.txt
   57  git status
   58  git -a -m "this is my modify commit"
   59  git commit -a -m "This is my mofify commit"
   60  git status
   61  git log
   62  git checkout master
   63  git log
   64  git status
   65  ls
   66  vim myfile2.txt
   67  git commit -a -m "make other changes"
   68  git status
   69  git log
   70  git log --oneline --decorate --graph --all
   71  git status
   72  cat testfile2.txt
   73  ls
   74  cat myfile2.txt
   75  git checkout testing2
   76  cat myfile2.txt
   77  git checkout master
   78  git merge testing2
   79  git reset --hard
   80  git status
   81  vim myfile2.txt
   82  cat myfile2.txt
   83  git merge testing2
   84  git commit -a -m "revised the change"
   85  git status
   86  git merge testing2
   87  git merge testing
   88  git reset --hard
   89  git status
   90  ls
   91  git log --oneline --decorate --graph --all
   92  git checkout testing
   93  git status
   94  git log
   95  git merge testing2
   96  git log --oneline --decorate --graph --all
   97  git status
   98  git checkout master
   99  git status
  100  git merge testing1
  101  git branch -d testing
  102  git status
  103  git brand -d testing
  104  git branch -d testing
  105  git status
  106  git merge testing
  107  vim myfile2.txt
  108  git status
  109  git add myfile2.txt
  110  git status
  111  git commit
  112  git log --oneline --decorate --graph --all
  113  git branch -d testing, testing2
  114  git branch -d testing testing2
  115  git log
  116  git status
  117  git log --oneline --decorate --graph --all
  118  git branch
  119  git branch -v
  120  git branch --merged
  121  git branch --no-merged
  122  git remote add origin https://github.com/ivyle201/newrepo.git
  123  git branch -M main
  124  git push -u origin main
  125  git pull origin main
  126  git log
  127  cd ..
  128  mkdir worksheet1
  129  cd
  130  cd ..
  131  cd worksheet1
  132  ls
  133  cd vivian
  134  cd worksheet1
  135  echo "# worksheet1" >> README.md
  136  git init
  137  git add README.md
  138  git commit -m "first commit"
  139  git status
  140  git branch -M main
  141  git --help
  142  git ??
  143  git remote add origin https://github.com/ivyle201/worksheet1.git
  144  git push -u origin main
  145  history > cmds.log
